c:\users\gameuser\documents\gamesengineering2\fsm\fsm\x64\debug\vc141.pdb
c:\users\gameuser\documents\gamesengineering2\fsm\fsm\x64\debug\vc141.idb
c:\users\gameuser\documents\gamesengineering2\fsm\fsm\x64\debug\animation.obj
c:\users\gameuser\documents\gamesengineering2\fsm\fsm\x64\debug\idle.obj
c:\users\gameuser\documents\gamesengineering2\fsm\fsm\x64\debug\main.obj
c:\users\gameuser\documents\gamesengineering2\fsm\fsm\x64\debug\fsm.pdb
c:\users\gameuser\documents\gamesengineering2\fsm\fsm\x64\debug\fsm.tlog\cl.command.1.tlog
c:\users\gameuser\documents\gamesengineering2\fsm\fsm\x64\debug\fsm.tlog\cl.read.1.tlog
c:\users\gameuser\documents\gamesengineering2\fsm\fsm\x64\debug\fsm.tlog\cl.write.1.tlog
c:\users\gameuser\documents\gamesengineering2\fsm\fsm\x64\debug\fsm.tlog\link-cvtres.read.1.tlog
c:\users\gameuser\documents\gamesengineering2\fsm\fsm\x64\debug\fsm.tlog\link-cvtres.write.1.tlog
c:\users\gameuser\documents\gamesengineering2\fsm\fsm\x64\debug\fsm.tlog\link-rc.read.1.tlog
c:\users\gameuser\documents\gamesengineering2\fsm\fsm\x64\debug\fsm.tlog\link-rc.write.1.tlog
c:\users\gameuser\documents\gamesengineering2\fsm\fsm\x64\debug\fsm.tlog\link.5964-cvtres.read.1.tlog
c:\users\gameuser\documents\gamesengineering2\fsm\fsm\x64\debug\fsm.tlog\link.5964-cvtres.write.1.tlog
c:\users\gameuser\documents\gamesengineering2\fsm\fsm\x64\debug\fsm.tlog\link.5964-rc.read.1.tlog
c:\users\gameuser\documents\gamesengineering2\fsm\fsm\x64\debug\fsm.tlog\link.5964-rc.write.1.tlog
c:\users\gameuser\documents\gamesengineering2\fsm\fsm\x64\debug\fsm.tlog\link.5964.read.1.tlog
c:\users\gameuser\documents\gamesengineering2\fsm\fsm\x64\debug\fsm.tlog\link.5964.write.1.tlog
c:\users\gameuser\documents\gamesengineering2\fsm\fsm\x64\debug\fsm.tlog\link.command.1.tlog
c:\users\gameuser\documents\gamesengineering2\fsm\fsm\x64\debug\fsm.tlog\link.read.1.tlog
c:\users\gameuser\documents\gamesengineering2\fsm\fsm\x64\debug\fsm.tlog\link.write.1.tlog
